Arguments: 
  C:\Program Files\nodejs\node.exe C:\Users\Administrator\AppData\Roaming\npm\node_modules\yarn\bin\yarn.js add '@babel/core --save

PATH: 
  D:\project\svg-file-loader\node_modules\.bin;C:\Program Files (x86)\VMware\VMware Workstation\bin\;C:\Python39\Scripts\;C:\Python39\;C:\WINDOWS\system32;C:\WINDOWS;C:\WINDOWS\System32\Wbem;C:\WINDOWS\System32\WindowsPowerShell\v1.0\;C:\WINDOWS\System32\OpenSSH\;C:\Program Files\Git\cmd;C:\ProgramData\chocolatey\bin;C:\Program Files\nodejs\;C:\Program Files\JetBrains\WebStorm 2021.1.2\bin;;C:\Users\Administrator\AppData\Local\Microsoft\WindowsApps;C:\Users\Administrator\AppData\Roaming\npm

Yarn version: 
  1.22.10

Node version: 
  14.15.0

Platform: 
  win32 x64

Trace: 
  Error: read ECONNRESET
      at TLSWrap.onStreamRead (internal/stream_base_commons.js:209:20)

npm manifest: 
  {
    "name": "svg-file-loader",
    "version": "1.0.0",
    "description": "基于node.js的svg文件解析脚本",
    "main": "index.js",
    "type": "module",
    "scripts": {
      "run": "node demo/demo.js",
      "build": "rollup -c"
    },
    "repository": {
      "type": "git",
      "url": "git+https://github.com/czh740132583/svg-file-loader.git"
    },
    "keywords": [
      "svg"
    ],
    "author": "baiwusanyu",
    "license": "MIT",
    "bugs": {
      "url": "https://github.com/czh740132583/svg-file-loader/issues"
    },
    "homepage": "https://github.com/czh740132583/svg-file-loader#readme",
    "dependencies": {
      "rollup": "^2.60.2",
      "rollup-plugin-babel": "^4.4.0"
    }
  }

yarn manifest: 
  No manifest

Lockfile: 
  # THIS IS AN AUTOGENERATED FILE. DO NOT EDIT THIS FILE DIRECTLY.
  # yarn lockfile v1
  
  
  "@babel/helper-module-imports@^7.0.0":
    version "7.16.0"
    resolved "https://rg.cnpmjs.org/@babel/helper-module-imports/download/@babel/helper-module-imports-7.16.0.tgz#90538e60b672ecf1b448f5f4f5433d37e79a3ec3"
    integrity sha1-kFOOYLZy7PG0SPX09UM9N+eaPsM=
    dependencies:
      "@babel/types" "^7.16.0"
  
  "@babel/helper-validator-identifier@^7.15.7":
    version "7.15.7"
    resolved "https://rg.cnpmjs.org/@babel/helper-validator-identifier/download/@babel/helper-validator-identifier-7.15.7.tgz#220df993bfe904a4a6b02ab4f3385a5ebf6e2389"
    integrity sha1-Ig35k7/pBKSmsCq08zhaXr9uI4k=
  
  "@babel/types@^7.16.0":
    version "7.16.0"
    resolved "https://rg.cnpmjs.org/@babel/types/download/@babel/types-7.16.0.tgz#db3b313804f96aadd0b776c4823e127ad67289ba"
    integrity sha1-2zsxOAT5aq3Qt3bEgj4SetZyibo=
    dependencies:
      "@babel/helper-validator-identifier" "^7.15.7"
      to-fast-properties "^2.0.0"
  
  estree-walker@^0.6.1:
    version "0.6.1"
    resolved "https://rg.cnpmjs.org/estree-walker/download/estree-walker-0.6.1.tgz#53049143f40c6eb918b23671d1fe3219f3a1b362"
    integrity sha1-UwSRQ/QMbrkYsjZx0f4yGfOhs2I=
  
  fsevents@~2.3.2:
    version "2.3.2"
    resolved "https://rg.cnpmjs.org/fsevents/download/fsevents-2.3.2.tgz#8a526f78b8fdf4623b709e0b975c52c24c02fd1a"
    integrity sha1-ilJveLj99GI7cJ4Ll1xSwkwC/Ro=
  
  rollup-plugin-babel@^4.4.0:
    version "4.4.0"
    resolved "https://rg.cnpmjs.org/rollup-plugin-babel/download/rollup-plugin-babel-4.4.0.tgz#d15bd259466a9d1accbdb2fe2fff17c52d030acb"
    integrity sha1-0VvSWUZqnRrMvbL+L/8XxS0DCss=
    dependencies:
      "@babel/helper-module-imports" "^7.0.0"
      rollup-pluginutils "^2.8.1"
  
  rollup-pluginutils@^2.8.1:
    version "2.8.2"
    resolved "https://rg.cnpmjs.org/rollup-pluginutils/download/rollup-pluginutils-2.8.2.tgz#72f2af0748b592364dbd3389e600e5a9444a351e"
    integrity sha1-cvKvB0i1kjZNvTOJ5gDlqURKNR4=
    dependencies:
      estree-walker "^0.6.1"
  
  rollup@^2.60.2:
    version "2.60.2"
    resolved "https://rg.cnpmjs.org/rollup/download/rollup-2.60.2.tgz#3f45ace36a9b10b4297181831ea0719922513463"
    integrity sha512-1Bgjpq61sPjgoZzuiDSGvbI1tD91giZABgjCQBKM5aYLnzjq52GoDuWVwT/cm/MCxCMPU8gqQvkj8doQ5C8Oqw==
    optionalDependencies:
      fsevents "~2.3.2"
  
  to-fast-properties@^2.0.0:
    version "2.0.0"
    resolved "https://rg.cnpmjs.org/to-fast-properties/download/to-fast-properties-2.0.0.tgz#dc5e698cbd079265bc73e0377681a4e4e83f616e"
    integrity sha1-3F5pjL0HkmW8c+A3doGk5Og/YW4=
